QuestaSim-64 vlog 2024.2 Compiler 2024.05 May 20 2024
Start time: 22:31:36 on Jul 13,2026
vlog -sv "+libext+.v" -incr -work ./work "+define+FRAME_WIDTH=176" "+define+FRAME_HEIGHT=144" "+define+FRAME_TOTAL=2" "+define+GOP_LENGTH=2" "+define+INITIAL_QP=20" "+define+TEST_I=1" "+define+TEST_P=1" "+define+FILE_CUR_YUV="/home/userdata/k69D/phongpx_69d/projects/xk265/xk265/reports/inloop_filter_akiyo_2f_fix/input_176x144_2f.yuv"" "+define+SMOKE_NO_GOLDEN" "+define+NO_DUMP" "+define+RD_MONITOR" "+define+INLOOP_TRACE" "+define+ENABLE_DBSAO=0" -f ./file_list.f -l /home/userdata/k69D/phongpx_69d/projects/xk265/xk265/reports/inloop_filter_akiyo_2f_fix/dbsao_off.compile.log 
-- Compiling module tb_enc_top
-- Compiling module sram_sp_be_behave
-- Compiling module sram_tp_be_behave
-- Compiling module ram_1p
-- Compiling module ram_2p
-- Compiling module ram_dp
-- Compiling module ram_dp_be
-- Compiling module rf_1p
-- Compiling module rf_2p
-- Compiling module rf_2p_be
-- Compiling module rom_1p
-- Compiling module buf_ram_1p_128x64
-- Compiling module buf_ram_1p_64x64
-- Compiling module cabac_ram_sp_64x16
-- Compiling module db_cbf_ram_sp_64x16
-- Compiling module db_qp_ram_sp_64x20
-- Compiling module db_tupu_ram_sp_64x32
-- Compiling module db_mv_ram_sp_512x20
-- Compiling module db_mv_ram_sp_64x20
-- Compiling module fetch_ram_1p_128x32
-- Compiling module fetch_ram_2p_64x208
-- Compiling module fetch_rf_1p_128x512
-- Compiling module fetch_rf_1p_64x256
-- Compiling module ime_mv_ram_sp_64x13
-- Compiling module fme_mv_ram_dp_64x20
-- Compiling module mc_mv_ram_sp_512x20
-- Compiling module prei_md_ram_sp_85x6
-- Compiling module posi_md_ram_sp_64x6
-- Compiling module prei_ram_dp_16x32
-- Compiling module ram_sp_240x32
-- Compiling module ram_sp_256x32
-- Compiling module ram_sp_1024x32
-- Compiling module ram_sp_be_128x64
-- Compiling module ram_sp_be_192x128
-- Compiling module ram_sp_be_192x512
-- Compiling module ram_tp_be_32x64
-- Compiling module ram_sp_be_192x64
-- Compiling module ram_sp_be_64x23
-- Compiling module ram_sp_384x32
-- Compiling module ram_sp_1536x32
-- Compiling module tq_ram_sp_32x16
-- Compiling module mem_lipo_1p_128x64x4
-- Compiling module mem_lipo_1p_64x64x4
-- Compiling module mem_lipo_1p
-- Compiling module buf_ram_1p_64x192
-- Compiling module enc_core
-- Compiling module enc_ctrl
-- Compiling module h265enc_top
-- Compiling module enc_data_pipeline
-- Compiling module fme_top_buf
-- Compiling module ime_top_buf
-- Compiling module prei_top_buf
-- Compiling module posi_top_buf
-- Compiling module hevc_md_top
-- Compiling module md_top
-- Compiling module compare
-- Compiling module control
-- Compiling module counter
-- Compiling module dc_planar
-- Compiling module fetch8x8
-- Compiling module gxgy
-- Compiling module md_fetch
-- Compiling module mode_write
-- Compiling module prei_top
-- Compiling module rate_control
-- Compiling module posi_top
-- Compiling module posi_ctrl
-- Compiling module posi_transfer
-- Compiling module posi_reference
-- Compiling module posi_prediction
-- Compiling module posi_buffer
-- Compiling module posi_satd_cost
-- Compiling module posi_satd_cost_engine
-- Compiling module posi_satd_cost_transpose
-- Compiling module posi_partition_decision
-- Compiling module posi_memory_wrapper
-- Compiling module posi_rate_estimation
-- Compiling module ime_top
-- Compiling module ime_glue_logic
-- Compiling module ime_transfer
-- Compiling module ime_ver_mem
-- Compiling module ime_ctrl
-- Compiling module ime_addressing
-- Compiling module ime_dat_array
-- Compiling module ime_sad_array
-- Compiling module ime_cost_store
-- Compiling module ime_partition_decision
-- Compiling module ime_partition_decision_engine
-- Compiling module ime_mv_dump
-- Compiling module fme_buf_wrapper
-- Compiling module clip
-- Compiling module clip2
-- Compiling module fme_interpolator
-- Compiling module fme_interpolator_8pel
-- Compiling module fme_interpolator_8x8
-- Compiling module fme_ip_half_ver
-- Compiling module fme_ip_quarter_ver
-- Compiling module fme_abs
-- Compiling module hadamard_trans_1d
-- Compiling module hadamard_trans_2d
-- Compiling module fme_satd_8x8
-- Compiling module fme_satd_gen
-- Compiling module fme_cost
-- Compiling module bits_num
-- Compiling module fme_ctrl
-- Compiling module fme_pred
-- Compiling module fme_top
-- Compiling module fme_mv_buffer
-- Compiling module fme_mv_candidate_prepare
-- Compiling module getbits
-- Compiling module fme_skip
-- Compiling module qp_lambda_table
-- Compiling module addr_ctl
-- Compiling module be
-- Compiling module be_delay
-- Compiling module be_level0
-- Compiling module be_level1
-- Compiling module chroma_qp
-- Compiling module ctl0
-- Compiling module ctl1
-- Compiling module ctl2
-- Compiling module ctl3
-- Compiling module dct_top_2d
-- Compiling module mod
-- Compiling module mux_0
-- Compiling module mux_1
-- Compiling module mux_2
-- Compiling module mux_3
-- Compiling module mux32_1
-- Compiling module offset_shift
-- Compiling module pe
-- Compiling module pe_i
-- Compiling module q_iq
-- Compiling module quan
-- Compiling module re
-- Compiling module re_in_ctl
-- Compiling module re_level0
-- Compiling module re_level0_cal
-- Compiling module re_level1
-- Compiling module re_level1_cal
-- Compiling module re_level2
-- Compiling module re_level2_cal
-- Compiling module re_level3
-- Compiling module re_out_ctl
-- Compiling module row_ctl
-- Compiling module tq_top
-- Compiling module transform_mtr
-- Compiling module rec_top
-- Compiling module IinP_flag_gen
-- Compiling module intra_top
-- Compiling module intra_ctrl
-- Compiling module intra_ref
-- Compiling module intra_pred
-- Compiling module intra_buf_wrapper
-- Compiling module mc_top
-- Compiling module mc_tq
-- Compiling module mc_chroma_filter_hor
-- Compiling module mc_chroma_filter_ver
-- Compiling module mc_chroma_ip_1p
-- Compiling module mc_chroma_ip4x4
-- Compiling module mc_chroma_top
-- Compiling module mc_ctrl
-- Compiling module mvd_can_mv_addr
-- Compiling module mvd_getBits
-- Compiling module mvd_top
-- Compiling module rec_buf_wrapper
-- Compiling module rec_buf_pre
-- Compiling module rec_buf_cef
-- Compiling module rec_buf_cef_rot
-- Compiling module rec_buf_rec
-- Compiling module rec_buf_rec_rot
-- Compiling module rec_buf_mvd_rot
-- Compiling module db_bs
-- Compiling module db_chroma_filter
-- Compiling module db_clip3_str
-- Compiling module db_filter
-- Compiling module db_lut_beta
-- Compiling module db_lut_tc
-- Compiling module db_mv
-- Compiling module db_normal_filter
-- Compiling module db_pu_edge
-- Compiling module db_qp
-- Compiling module db_strong_filter
-- Compiling module db_tu_edge
-- Compiling module dbsao_controller
-- Compiling module dbsao_datapath
-- Compiling module dbsao_top
-- Compiling module sao_add_offset
-- Compiling module sao_bo_predecision
-- Compiling module sao_cal_offset
-- Compiling module sao_mode
-- Compiling module sao_statistic
-- Compiling module sao_sum_diff
-- Compiling module sao_top
-- Compiling module sao_type_decision
-- Compiling module cabac_bina
-- Compiling module cabac_bina_lut
-- Compiling module cabac_bina_FC
-- Compiling module cabac_bina_BSleft
-- Compiling module cabac_bina_BSright
-- Compiling module cabac_bina_BS1sleft
-- Compiling module cabac_bina_BS1sright
-- Compiling module cabac_binmix
-- Compiling module cabac_binsort
-- Compiling module cabac_bitpack
-- Compiling module cabac_rlps4
-- Compiling module cabac_rlps4_1bin
-- Compiling module cabac_se_prepare
-- Compiling module cabac_se_prepare_amplitude_of_coeff
-- Compiling module cabac_se_prepare_coeff
-- Compiling module cabac_se_prepare_coeff_last_sig_xy
-- Compiling module cabac_se_prepare_cu
-- Compiling module cabac_se_prepare_intra
-- Compiling module cabac_se_prepare_intra_luma
-- Compiling module cabac_se_prepare_mv
-- Compiling module cabac_se_prepare_mvd
-- Compiling module cabac_se_prepare_sao_offset
-- Compiling module cabac_se_prepare_sig_coeff_ctx
-- Compiling module cabac_se_prepare_tu
-- Compiling module cabac_top
-- Compiling module cabac_ucontext
-- Compiling module cabac_ucontext_t
-- Compiling module cabac_ucontext_tt
-- Compiling module cabac_ulow
-- Compiling module cabac_ulow_1bin
-- Compiling module cabac_ulow_refine
-- Compiling module cabac_urange4
-- Compiling module cabac_urange4_full
-- Compiling module coe_addr_trans
-- Compiling module cabac_pipo
-- Compiling module fetch_cur_chroma
-- Compiling module fetch_cur_luma
-- Compiling module fetch_db
-- Compiling module fetch_ref_chroma
-- Compiling module fetch_ref_luma
-- Compiling module fetch_top
-- Compiling module fetch_wrapper
-- Compiling module mem_bilo_db

Top level modules:
	tb_enc_top
	ram_2p
	ram_dp_be
	rf_2p
	rf_2p_be
	rom_1p
	prei_ram_dp_16x32
	mem_lipo_1p
	getbits
End time: 22:31:39 on Jul 13,2026, Elapsed time: 0:00:03
Errors: 0, Warnings: 0
